예외 발생: 실패 유도
steps.then.CommonThenStep.faildtest(CommonThenStep.java:28)
java.base/jdk.internal.reflect.DirectMethodHandleAccessor.invoke(DirectMethodHandleAccessor.java:103)
java.base/java.lang.reflect.Method.invoke(Method.java:580)
io.cucumber.java.Invoker.doInvoke(Invoker.java:66)
io.cucumber.java.Invoker.invoke(Invoker.java:24)
io.cucumber.java.AbstractGlueDefinition.invokeMethod(AbstractGlueDefinition.java:47)
io.cucumber.java.JavaStepDefinition.execute(JavaStepDefinition.java:29)
io.cucumber.core.runner.CoreStepDefinition.execute(CoreStepDefinition.java:66)
io.cucumber.core.runner.PickleStepDefinitionMatch.runStep(PickleStepDefinitionMatch.java:62)
io.cucumber.core.runner.ExecutionMode$1.execute(ExecutionMode.java:10)
io.cucumber.core.runner.TestStep.executeStep(TestStep.java:81)
io.cucumber.core.runner.TestStep.run(TestStep.java:53)
io.cucumber.core.runner.PickleStepTestStep.run(PickleStepTestStep.java:51)
io.cucumber.core.runner.TestCase.run(TestCase.java:84)
io.cucumber.core.runner.Runner.runPickle(Runner.java:75)
io.cucumber.junit.PickleRunners$NoStepDescriptions.lambda$run$0(PickleRunners.java:151)
io.cucumber.core.runtime.CucumberExecutionContext.lambda$runTestCase$5(CucumberExecutionContext.java:136)
io.cucumber.core.runtime.RethrowingThrowableCollector.executeAndThrow(RethrowingThrowableCollector.java:23)
io.cucumber.core.runtime.CucumberExecutionContext.runTestCase(CucumberExecutionContext.java:136)
io.cucumber.junit.PickleRunners$NoStepDescriptions.run(PickleRunners.java:148)
io.cucumber.junit.FeatureRunner.runChild(FeatureRunner.java:144)
io.cucumber.junit.FeatureRunner.runChild(FeatureRunner.java:28)
org.junit.runners.ParentRunner$4.run(ParentRunner.java:331)
org.junit.runners.ParentRunner$1.schedule(ParentRunner.java:79)
org.junit.runners.ParentRunner.runChildren(ParentRunner.java:329)
org.junit.runners.ParentRunner.access$100(ParentRunner.java:66)
org.junit.runners.ParentRunner$2.evaluate(ParentRunner.java:293)
org.junit.runners.ParentRunner$3.evaluate(ParentRunner.java:306)
org.junit.runners.ParentRunner.run(ParentRunner.java:413)
io.cucumber.junit.FeatureRunner.run(FeatureRunner.java:137)
io.cucumber.junit.Cucumber.runChild(Cucumber.java:199)
io.cucumber.junit.Cucumber.runChild(Cucumber.java:89)
org.junit.runners.ParentRunner$4.run(ParentRunner.java:331)
org.junit.runners.ParentRunner$1.schedule(ParentRunner.java:79)
org.junit.runners.ParentRunner.runChildren(ParentRunner.java:329)
org.junit.runners.ParentRunner.access$100(ParentRunner.java:66)
org.junit.runners.ParentRunner$2.evaluate(ParentRunner.java:293)
io.cucumber.core.runtime.CucumberExecutionContext.lambda$runFeatures$6(CucumberExecutionContext.java:147)
io.cucumber.core.runtime.CucumberExecutionContext.execute(CucumberExecutionContext.java:162)
io.cucumber.core.runtime.CucumberExecutionContext.runFeatures(CucumberExecutionContext.java:145)
io.cucumber.junit.Cucumber$StartAndFinishTestRun.evaluate(Cucumber.java:229)
org.junit.internal.runners.statements.RunAfters.evaluate(RunAfters.java:27)
org.junit.runners.ParentRunner$3.evaluate(ParentRunner.java:306)
org.junit.runners.ParentRunner.run(ParentRunner.java:413)
org.gradle.api.internal.tasks.testing.junit.JUnitTestClassExecutor.runTestClass(JUnitTestClassExecutor.java:112)
org.gradle.api.internal.tasks.testing.junit.JUnitTestClassExecutor.execute(JUnitTestClassExecutor.java:58)
org.gradle.api.internal.tasks.testing.junit.JUnitTestClassExecutor.execute(JUnitTestClassExecutor.java:40)
org.gradle.api.internal.tasks.testing.junit.AbstractJUnitTestClassProcessor.processTestClass(AbstractJUnitTestClassProcessor.java:54)
org.gradle.api.internal.tasks.testing.SuiteTestClassProcessor.processTestClass(SuiteTestClassProcessor.java:53)
java.base/jdk.internal.reflect.DirectMethodHandleAccessor.invoke(DirectMethodHandleAccessor.java:103)
java.base/java.lang.reflect.Method.invoke(Method.java:580)
org.gradle.internal.dispatch.ReflectionDispatch.dispatch(ReflectionDispatch.java:36)
org.gradle.internal.dispatch.ReflectionDispatch.dispatch(ReflectionDispatch.java:24)
org.gradle.internal.dispatch.ContextClassLoaderDispatch.dispatch(ContextClassLoaderDispatch.java:33)
org.gradle.internal.dispatch.ProxyDispatchAdapter$DispatchingInvocationHandler.invoke(ProxyDispatchAdapter.java:92)
jdk.proxy1/jdk.proxy1.$Proxy4.processTestClass(Unknown Source)
org.gradle.api.internal.tasks.testing.worker.TestWorker$2.run(TestWorker.java:183)
org.gradle.api.internal.tasks.testing.worker.TestWorker.executeAndMaintainThreadName(TestWorker.java:132)
org.gradle.api.internal.tasks.testing.worker.TestWorker.execute(TestWorker.java:103)
org.gradle.api.internal.tasks.testing.worker.TestWorker.execute(TestWorker.java:63)
org.gradle.process.internal.worker.child.ActionExecutionWorker.execute(ActionExecutionWorker.java:56)
org.gradle.process.internal.worker.child.SystemApplicationClassLoaderWorker.call(SystemApplicationClassLoaderWorker.java:121)
org.gradle.process.internal.worker.child.SystemApplicationClassLoaderWorker.call(SystemApplicationClassLoaderWorker.java:71)
worker.org.gradle.process.internal.worker.GradleWorkerMain.run(GradleWorkerMain.java:69)
worker.org.gradle.process.internal.worker.GradleWorkerMain.main(GradleWorkerMain.java:74)
